<?xml version="1.0" encoding="UTF-8"?>
<!-- Generated by org.testng.reporters.JUnitReportReporter -->
<testsuite hostname="Bipin-PC" name="USPTO.SeleniumFramework.Browser" tests="1" failures="0" timestamp="21 May 2019 21:51:28 GMT" time="7.900" errors="0">
  <testcase name="open" time="7.900" classname="USPTO.SeleniumFramework.Browser"/>
</testsuite> <!-- USPTO.SeleniumFramework.Browser -->
