<?xml version="1.0" encoding="UTF-8"?>
<!-- Generated by org.testng.reporters.JUnitReportReporter -->
<testsuite hostname="Bipin-PC" name="USPTO.SeleniumFramework.RegressionTest" tests="3" failures="0" timestamp="21 May 2019 21:20:17 GMT" time="0.023" errors="0">
  <testcase name="regressionTest2" time="0.002" classname="USPTO.SeleniumFramework.RegressionTest"/>
  <testcase name="regressionTest1" time="0.018" classname="USPTO.SeleniumFramework.RegressionTest"/>
  <testcase name="regressionTest3" time="0.003" classname="USPTO.SeleniumFramework.RegressionTest"/>
</testsuite> <!-- USPTO.SeleniumFramework.RegressionTest -->
