<?xml version="1.0" encoding="UTF-8"?>
<!-- Generated by org.testng.reporters.JUnitReportReporter -->
<testsuite hostname="Bipin-PC" name="MDAS.SeleniumFramework.ValidateDataPull" tests="1" failures="1" timestamp="23 May 2019 15:02:45 GMT" time="0.002" errors="0">
  <testcase name="homePage" time="0.002" classname="MDAS.SeleniumFramework.ValidateDataPull">
    <failure type="io.github.bonigarcia.wdm.WebDriverManagerException" message="java.lang.NullPointerException">
      <![CDATA[io.github.bonigarcia.wdm.WebDriverManagerException: java.lang.NullPointerException
	at io.github.bonigarcia.wdm.WebDriverManager.handleException(WebDriverManager.java:523)
	at io.github.bonigarcia.wdm.WebDriverManager.manage(WebDriverManager.java:471)
	at io.github.bonigarcia.wdm.WebDriverManager.handleException(WebDriverManager.java:520)
	at io.github.bonigarcia.wdm.WebDriverManager.manage(WebDriverManager.java:471)
	at io.github.bonigarcia.wdm.WebDriverManager.setup(WebDriverManager.java:229)
	at MDAS.SeleniumFramework.Driver.getDriver(Driver.java:24)
	at MDAS.SeleniumFramework.TestBase.setupMethod(TestBase.java:16)
	at sun.reflect.NativeMethodAccessorImpl.invoke0(Native Method)
	at sun.reflect.NativeMethodAccessorImpl.invoke(Unknown Source)
	at sun.reflect.DelegatingMethodAccessorImpl.invoke(Unknown Source)
	at java.lang.reflect.Method.invoke(Unknown Source)
	at org.testng.internal.MethodInvocationHelper.invokeMethod(MethodInvocationHelper.java:80)
	at org.testng.internal.Invoker.invokeConfigurationMethod(Invoker.java:564)
	at org.testng.internal.Invoker.invokeConfigurations(Invoker.java:213)
	at org.testng.internal.Invoker.invokeMethod(Invoker.java:653)
	at org.testng.internal.Invoker.invokeTestMethod(Invoker.java:901)
	at org.testng.internal.Invoker.invokeTestMethods(Invoker.java:1231)
	at org.testng.internal.TestMethodWorker.invokeTestMethods(TestMethodWorker.java:127)
	at org.testng.internal.TestMethodWorker.run(TestMethodWorker.java:111)
	at org.testng.TestRunner.privateRun(TestRunner.java:767)
	at org.testng.TestRunner.run(TestRunner.java:617)
	at org.testng.SuiteRunner.runTest(SuiteRunner.java:334)
	at org.testng.SuiteRunner.runSequentially(SuiteRunner.java:329)
	at org.testng.SuiteRunner.privateRun(SuiteRunner.java:291)
	at org.testng.SuiteRunner.run(SuiteRunner.java:240)
	at org.testng.SuiteRunnerWorker.runSuite(SuiteRunnerWorker.java:52)
	at org.testng.SuiteRunnerWorker.run(SuiteRunnerWorker.java:86)
	at org.testng.TestNG.runSuitesSequentially(TestNG.java:1198)
	at org.testng.TestNG.runSuitesLocally(TestNG.java:1123)
	at org.testng.TestNG.run(TestNG.java:1031)
	at org.testng.remote.RemoteTestNG.run(RemoteTestNG.java:115)
	at org.testng.remote.RemoteTestNG.initAndRun(RemoteTestNG.java:207)
	at org.testng.remote.RemoteTestNG.main(RemoteTestNG.java:178)
Caused by: java.lang.NullPointerException
	at io.github.bonigarcia.wdm.WebDriverManager.getDefaultBrowserVersion(WebDriverManager.java:958)
	at io.github.bonigarcia.wdm.ChromeDriverManager.getBrowserVersion(ChromeDriverManager.java:68)
	at io.github.bonigarcia.wdm.WebDriverManager.getVersionForInstalledBrowser(WebDriverManager.java:477)
	at io.github.bonigarcia.wdm.WebDriverManager.manage(WebDriverManager.java:430)
	... 31 more
]]>
    </failure>
  </testcase> <!-- homePage -->
</testsuite> <!-- MDAS.SeleniumFramework.ValidateDataPull -->
