<?xml version="1.0" encoding="UTF-8"?>
<!-- Generated by org.testng.reporters.JUnitReportReporter -->
<testsuite hostname="Bipin-PC" name="USPTO.SeleniumFramework.DemoMicroService" tests="1" failures="0" timestamp="21 May 2019 21:03:46 GMT" time="7.249" errors="0">
  <testcase name="GetWeatherDetails" time="7.249" classname="USPTO.SeleniumFramework.DemoMicroService"/>
</testsuite> <!-- USPTO.SeleniumFramework.DemoMicroService -->
