<?xml version="1.0" encoding="UTF-8"?>
<!-- Generated by org.testng.reporters.JUnitReportReporter -->
<testsuite hostname="Bipin-PC" name="com.MDAS.SeleniumFramework.tests.ValidateChart" tests="3" failures="0" timestamp="30 May 2019 21:26:21 GMT" time="31.708" errors="0">
  <testcase name="validateVectors" time="9.714" classname="com.MDAS.SeleniumFramework.tests.ValidateChart"/>
  <testcase name="validateMainTabs" time="13.271" classname="com.MDAS.SeleniumFramework.tests.ValidateChart"/>
  <testcase name="validateRavensSector" time="8.723" classname="com.MDAS.SeleniumFramework.tests.ValidateChart"/>
</testsuite> <!-- com.MDAS.SeleniumFramework.tests.ValidateChart -->
