<?xml version="1.0" encoding="UTF-8"?>
<!-- Generated by org.testng.reporters.JUnitReportReporter -->
<testsuite hostname="Bipin-PC" name="com.MDAS.SeleniumFramework.tests.ValidateGroupingOfCompanyInSectors" tests="1" failures="0" timestamp="24 May 2019 21:38:51 GMT" time="9.528" errors="0">
  <testcase name="validateCopanyTiles" time="9.528" classname="com.MDAS.SeleniumFramework.tests.ValidateGroupingOfCompanyInSectors"/>
</testsuite> <!-- com.MDAS.SeleniumFramework.tests.ValidateGroupingOfCompanyInSectors -->
