<?xml version="1.0" encoding="UTF-8"?>
<!-- Generated by org.testng.reporters.JUnitReportReporter -->
<testsuite hostname="Bipin-PC" name="com.MDAS.SeleniumFramework.tests.ValidateCompanyFeatures" tests="5" failures="0" timestamp="31 May 2019 01:45:57 GMT" time="6.397" errors="0">
  <testcase name="ValidateCompanyName" time="0.434" classname="com.MDAS.SeleniumFramework.tests.ValidateCompanyFeatures"/>
  <testcase name="ValidateWeightOfSectors" time="0.975" classname="com.MDAS.SeleniumFramework.tests.ValidateCompanyFeatures"/>
  <testcase name="ValidateCompanyCount" time="4.307" classname="com.MDAS.SeleniumFramework.tests.ValidateCompanyFeatures"/>
  <testcase name="ValidateMultipleSectors" time="0.367" classname="com.MDAS.SeleniumFramework.tests.ValidateCompanyFeatures"/>
  <testcase name="ValidateMultiplePies" time="0.314" classname="com.MDAS.SeleniumFramework.tests.ValidateCompanyFeatures"/>
</testsuite> <!-- com.MDAS.SeleniumFramework.tests.ValidateCompanyFeatures -->
