<?xml version="1.0" encoding="UTF-8"?>
<!-- Generated by org.testng.reporters.JUnitReportReporter -->
<testsuite hostname="Bipin-PC" name="com.MDAS.SeleniumFramework.tests.ValidateSectorFeatures" tests="4" failures="0" timestamp="31 May 2019 01:45:28 GMT" time="5.191" errors="0">
  <testcase name="validateIndustriesCount" time="1.533" classname="com.MDAS.SeleniumFramework.tests.ValidateSectorFeatures"/>
  <testcase name="validateVectors" time="0.504" classname="com.MDAS.SeleniumFramework.tests.ValidateSectorFeatures"/>
  <testcase name="validateMainTabs" time="3.010" classname="com.MDAS.SeleniumFramework.tests.ValidateSectorFeatures"/>
  <testcase name="validateRavensSector" time="0.144" classname="com.MDAS.SeleniumFramework.tests.ValidateSectorFeatures"/>
</testsuite> <!-- com.MDAS.SeleniumFramework.tests.ValidateSectorFeatures -->
