<?xml version="1.0" encoding="UTF-8"?>
<!-- Generated by org.testng.reporters.JUnitReportReporter -->
<testsuite hostname="Bipin-PC" name="MDAS.SeleniumFramework.ValidateChart" tests="1" failures="0" timestamp="23 May 2019 01:27:05 GMT" time="0.001" errors="0">
  <testcase name="validateClassificationsAndVisualizations" time="0.001" classname="MDAS.SeleniumFramework.ValidateChart"/>
</testsuite> <!-- MDAS.SeleniumFramework.ValidateChart -->
