<?xml version="1.0" encoding="UTF-8"?>
<!-- Generated by org.testng.reporters.JUnitReportReporter -->
<testsuite hostname="Bipin-PC" name="tests.ValidateChart" tests="1" failures="0" timestamp="23 May 2019 17:31:29 GMT" time="0.016" errors="0">
  <testcase name="validateClassificationsAndVisualizations" time="0.016" classname="tests.ValidateChart"/>
</testsuite> <!-- tests.ValidateChart -->
