<?xml version="1.0" encoding="UTF-8"?>
<!-- Generated by org.testng.reporters.JUnitReportReporter -->
<testsuite hostname="Bipin-PC" name="MDAS.SeleniumFramework.HomePage" tests="1" failures="0" timestamp="21 May 2019 23:50:43 GMT" time="6.764" errors="0">
  <testcase name="homePage" time="6.764" classname="MDAS.SeleniumFramework.HomePage"/>
</testsuite> <!-- MDAS.SeleniumFramework.HomePage -->
