<?xml version="1.0" encoding="UTF-8"?>
<!-- Generated by org.testng.reporters.JUnitReportReporter -->
<testsuite hostname="Bipin-PC" name="com.MDAS.SeleniumFramework.tests.ValidateTrainingDataFeatures" tests="1" failures="0" timestamp="31 May 2019 01:42:44 GMT" time="2.844" errors="0">
  <testcase name="validateTrainingFeatures" time="2.844" classname="com.MDAS.SeleniumFramework.tests.ValidateTrainingDataFeatures"/>
</testsuite> <!-- com.MDAS.SeleniumFramework.tests.ValidateTrainingDataFeatures -->
